ERROR:root:Error: int() can't convert non-string with explicit base
ERROR:root:Error: int() can't convert non-string with explicit base
ERROR:root:Error: BitVects must be same length
ERROR:root:Error: BitVects must be same length
ERROR:root:Error: 'ExplicitBitVect' object has no attribute 'to_string'
ERROR:root:Error: 'str' object has no attribute 'GetNumBits'
ERROR:root:Error: BitVects must be same length
ERROR:root:Error: BitVects must be same length
ERROR:root:Error: BitVects must be same length
ERROR:root:Error: Python argument types in
    rdkit.DataStructs.cDataStructs.TanimotoSimilarity(int, int)
did not match C++ signature:
    TanimotoSimilarity(class RDKit::SparseIntVect<unsigned __int64> siv1, class RDKit::SparseIntVect<unsigned __int64> siv2, bool returnDistance=False, double bounds=0.0)
    TanimotoSimilarity(class RDKit::SparseIntVect<unsigned int> siv1, class RDKit::SparseIntVect<unsigned int> siv2, bool returnDistance=False, double bounds=0.0)
    TanimotoSimilarity(class RDKit::SparseIntVect<__int64> siv1, class RDKit::SparseIntVect<__int64> siv2, bool returnDistance=False, double bounds=0.0)
    TanimotoSimilarity(class RDKit::SparseIntVect<int> siv1, class RDKit::SparseIntVect<int> siv2, bool returnDistance=False, double bounds=0.0)
    TanimotoSimilarity(class ExplicitBitVect bv1, class std::basic_string<char,struct std::char_traits<char>,class std::allocator<char> > pkl, bool returnDistance=0)
    TanimotoSimilarity(class SparseBitVect bv1, class std::basic_string<char,struct std::char_traits<char>,class std::allocator<char> > pkl, bool returnDistance=0)
    TanimotoSimilarity(class ExplicitBitVect bv1, class ExplicitBitVect bv2, bool returnDistance=0)
    TanimotoSimilarity(class SparseBitVect bv1, class SparseBitVect bv2, bool returnDistance=0)
DEBUG:root:Extracted fingerprint for molecule ID: 6518e7f36dc9e74d4fd6a572
DEBUG:root:Extracted fingerprint for molecule ID: 6518e7f36dc9e74d4fd6a573
DEBUG:root:Extracted fingerprint for molecule ID: 6518e7f36dc9e74d4fd6a574
DEBUG:root:Extracted fingerprint for molecule ID: 6518e7f36dc9e74d4fd6a575
DEBUG:root:Extracted fingerprint for molecule ID: 6518e7f36dc9e74d4fd6a576
DEBUG:root:Extracted fingerprint for molecule ID: 6518e7f36dc9e74d4fd6a577
DEBUG:root:Extracted fingerprint for molecule ID: 6518e7f36dc9e74d4fd6a578
DEBUG:root:Extracted fingerprint for molecule ID: 6518e7f36dc9e74d4fd6a579
DEBUG:root:Extracted fingerprint for molecule ID: 6518e7f36dc9e74d4fd6a57a
DEBUG:root:Extracted fingerprint for molecule ID: 6518e7f36dc9e74d4fd6a57b
DEBUG:root:Extracted fingerprint for molecule ID: 6518e7f36dc9e74d4fd6a57c
DEBUG:root:Extracted fingerprint for molecule ID: 6518e7f36dc9e74d4fd6a57d
DEBUG:root:Extracted fingerprint for molecule ID: 6518e7f36dc9e74d4fd6a57e
DEBUG:root:Extracted fingerprint for molecule ID: 6518e7f36dc9e74d4fd6a57f
DEBUG:root:Extracted fingerprint for molecule ID: 6518e7f36dc9e74d4fd6a580
DEBUG:root:Extracted fingerprint for molecule ID: 6518e7f36dc9e74d4fd6a581
DEBUG:root:Extracted fingerprint for molecule ID: 6518e7f36dc9e74d4fd6a582
DEBUG:root:Extracted fingerprint for molecule ID: 6518e7f36dc9e74d4fd6a583
DEBUG:root:Extracted fingerprint for molecule ID: 6518e7f36dc9e74d4fd6a584
DEBUG:root:Extracted fingerprint for molecule ID: 6518e7f36dc9e74d4fd6a585
DEBUG:root:Extracted fingerprint for molecule ID: 6518e7f36dc9e74d4fd6a586
DEBUG:root:Extracted fingerprint for molecule ID: 6518e7f36dc9e74d4fd6a587
DEBUG:root:Extracted fingerprint for molecule ID: 6518e7f36dc9e74d4fd6a588
DEBUG:root:Extracted fingerprint for molecule ID: 6518e7f36dc9e74d4fd6a589
DEBUG:root:Extracted fingerprint for molecule ID: 6518e7f36dc9e74d4fd6a58a
DEBUG:root:Extracted fingerprint for molecule ID: 6518e7f36dc9e74d4fd6a58b
DEBUG:root:Extracted fingerprint for molecule ID: 6518e7f36dc9e74d4fd6a58c
DEBUG:root:Extracted fingerprint for molecule ID: 6518e7f36dc9e74d4fd6a58d
DEBUG:root:Extracted fingerprint for molecule ID: 6518e7f36dc9e74d4fd6a58e
DEBUG:root:Extracted fingerprint for molecule ID: 6518e7f36dc9e74d4fd6a58f
DEBUG:root:Extracted fingerprint for molecule ID: 6518e7f36dc9e74d4fd6a590
DEBUG:root:Extracted fingerprint for molecule ID: 6518e7f36dc9e74d4fd6a591
DEBUG:root:Extracted fingerprint for molecule ID: 6518e7f36dc9e74d4fd6a592
DEBUG:root:Extracted fingerprint for molecule ID: 6518e7f36dc9e74d4fd6a593
DEBUG:root:Extracted fingerprint for molecule ID: 6518e7f36dc9e74d4fd6a594
DEBUG:root:Extracted fingerprint for molecule ID: 6518e7f36dc9e74d4fd6a595
DEBUG:root:Extracted fingerprint for molecule ID: 6518e7f36dc9e74d4fd6a596
DEBUG:root:Extracted fingerprint for molecule ID: 6518e7f36dc9e74d4fd6a597
DEBUG:root:Extracted fingerprint for molecule ID: 6518e7f36dc9e74d4fd6a598
DEBUG:root:Extracted fingerprint for molecule ID: 6518e7f36dc9e74d4fd6a599
DEBUG:root:Extracted fingerprint for molecule ID: 6518e7f36dc9e74d4fd6a59a
DEBUG:root:Extracted fingerprint for molecule ID: 6518e7f36dc9e74d4fd6a59b
DEBUG:root:Extracted fingerprint for molecule ID: 6518e7f36dc9e74d4fd6a59c
DEBUG:root:Extracted fingerprint for molecule ID: 6518e7f36dc9e74d4fd6a59d
DEBUG:root:Extracted fingerprint for molecule ID: 6518e7f36dc9e74d4fd6a59e
DEBUG:root:Extracted fingerprint for molecule ID: 6518e7f36dc9e74d4fd6a59f
DEBUG:root:Extracted fingerprint for molecule ID: 6518e7f36dc9e74d4fd6a5a0
DEBUG:root:Extracted fingerprint for molecule ID: 6518e7f36dc9e74d4fd6a5a1
DEBUG:root:Extracted fingerprint for molecule ID: 6518e7f36dc9e74d4fd6a5a2
DEBUG:root:Extracted fingerprint for molecule ID: 6518e7f36dc9e74d4fd6a5a3
DEBUG:root:Extracted fingerprint for molecule ID: 6518e7f36dc9e74d4fd6a5a4
DEBUG:root:Extracted fingerprint for molecule ID: 6518e7f36dc9e74d4fd6a5a5
DEBUG:root:Extracted fingerprint for molecule ID: 6518e7f36dc9e74d4fd6a5a6
DEBUG:root:Extracted fingerprint for molecule ID: 6518e7f36dc9e74d4fd6a5a7
DEBUG:root:Extracted fingerprint for molecule ID: 6518e7f36dc9e74d4fd6a5a8
DEBUG:root:Extracted fingerprint for molecule ID: 6518e7f36dc9e74d4fd6a5a9
DEBUG:root:Extracted fingerprint for molecule ID: 6518e7f36dc9e74d4fd6a5aa
DEBUG:root:Extracted fingerprint for molecule ID: 6518e7f36dc9e74d4fd6a5ab
DEBUG:root:Extracted fingerprint for molecule ID: 6518e7f36dc9e74d4fd6a5ac
DEBUG:root:Extracted fingerprint for molecule ID: 6518e7f36dc9e74d4fd6a5ad
DEBUG:root:Extracted fingerprint for molecule ID: 6518e7f36dc9e74d4fd6a5ae
DEBUG:root:Extracted fingerprint for molecule ID: 6518e7f36dc9e74d4fd6a5af
DEBUG:root:Extracted fingerprint for molecule ID: 6518e7f36dc9e74d4fd6a5b0
DEBUG:root:Extracted fingerprint for molecule ID: 6518e7f36dc9e74d4fd6a5b1
DEBUG:root:Extracted fingerprint for molecule ID: 6518e7f36dc9e74d4fd6a5b2
DEBUG:root:Extracted fingerprint for molecule ID: 6518e7f36dc9e74d4fd6a5b3
DEBUG:root:Extracted fingerprint for molecule ID: 6518e7f36dc9e74d4fd6a5b4
DEBUG:root:Extracted fingerprint for molecule ID: 6518e7f36dc9e74d4fd6a5b5
DEBUG:root:Extracted fingerprint for molecule ID: 6518e7f36dc9e74d4fd6a5b6
DEBUG:root:Extracted fingerprint for molecule ID: 6518e7f36dc9e74d4fd6a5b7
DEBUG:root:Extracted fingerprint for molecule ID: 6518e7f36dc9e74d4fd6a5b8
DEBUG:root:Extracted fingerprint for molecule ID: 6518e7f36dc9e74d4fd6a5b9
DEBUG:root:Extracted fingerprint for molecule ID: 6518e7f36dc9e74d4fd6a5ba
DEBUG:root:Extracted fingerprint for molecule ID: 6518e7f36dc9e74d4fd6a5bb
DEBUG:root:Extracted fingerprint for molecule ID: 6518e7f36dc9e74d4fd6a5bc
DEBUG:root:Extracted fingerprint for molecule ID: 6518e7f36dc9e74d4fd6a5bd
DEBUG:root:Extracted fingerprint for molecule ID: 6518e7f36dc9e74d4fd6a5be
DEBUG:root:Extracted fingerprint for molecule ID: 6518e7f36dc9e74d4fd6a5bf
DEBUG:root:Extracted fingerprint for molecule ID: 6518e7f36dc9e74d4fd6a5c0
DEBUG:root:Extracted fingerprint for molecule ID: 6518e7f36dc9e74d4fd6a5c1
DEBUG:root:Extracted fingerprint for molecule ID: 6518e7f36dc9e74d4fd6a5c2
DEBUG:root:Extracted fingerprint for molecule ID: 6518e7f36dc9e74d4fd6a5c3
DEBUG:root:Extracted fingerprint for molecule ID: 6518e7f36dc9e74d4fd6a5c4
DEBUG:root:Extracted fingerprint for molecule ID: 6518e7f36dc9e74d4fd6a5c5
DEBUG:root:Extracted fingerprint for molecule ID: 6518e7f36dc9e74d4fd6a5c6
DEBUG:root:Extracted fingerprint for molecule ID: 6518e7f36dc9e74d4fd6a5c7
DEBUG:root:Extracted fingerprint for molecule ID: 6518e7f36dc9e74d4fd6a5c8
DEBUG:root:Extracted fingerprint for molecule ID: 6518e7f36dc9e74d4fd6a5c9
DEBUG:root:Extracted fingerprint for molecule ID: 6518e7f36dc9e74d4fd6a5ca
DEBUG:root:Extracted fingerprint for molecule ID: 6518e7f36dc9e74d4fd6a5cb
DEBUG:root:Extracted fingerprint for molecule ID: 6518e7f36dc9e74d4fd6a5cc
DEBUG:root:Extracted fingerprint for molecule ID: 6518e7f36dc9e74d4fd6a5cd
DEBUG:root:Extracted fingerprint for molecule ID: 6518e7f36dc9e74d4fd6a5ce
DEBUG:root:Extracted fingerprint for molecule ID: 6518e7f36dc9e74d4fd6a5cf
DEBUG:root:Extracted fingerprint for molecule ID: 6518e7f36dc9e74d4fd6a5d0
DEBUG:root:Extracted fingerprint for molecule ID: 6518e7f36dc9e74d4fd6a5d1
DEBUG:root:Extracted fingerprint for molecule ID: 6518e7f36dc9e74d4fd6a5d2
DEBUG:root:Extracted fingerprint for molecule ID: 6518e7f36dc9e74d4fd6a5d3
DEBUG:root:Extracted fingerprint for molecule ID: 6518e7f36dc9e74d4fd6a5d4
DEBUG:root:Extracted fingerprint for molecule ID: 6518e7f36dc9e74d4fd6a5d5
DEBUG:root:Extracted fingerprint for molecule ID: 6518e7f36dc9e74d4fd6a5d6
DEBUG:root:Extracted fingerprint for molecule ID: 6518e7f36dc9e74d4fd6a5d7
DEBUG:root:Extracted fingerprint for molecule ID: 6518e7f36dc9e74d4fd6a5d8
DEBUG:root:Extracted fingerprint for molecule ID: 6518e7f36dc9e74d4fd6a5d9
DEBUG:root:Extracted fingerprint for molecule ID: 6518e7f36dc9e74d4fd6a5da
DEBUG:root:Extracted fingerprint for molecule ID: 6518e7f36dc9e74d4fd6a5db
DEBUG:root:Extracted fingerprint for molecule ID: 6518e7f36dc9e74d4fd6a5dc
DEBUG:root:Extracted fingerprint for molecule ID: 6518e7f36dc9e74d4fd6a5dd
DEBUG:root:Extracted fingerprint for molecule ID: 6518e7f36dc9e74d4fd6a5de
DEBUG:root:Extracted fingerprint for molecule ID: 6518e7f36dc9e74d4fd6a5df
DEBUG:root:Extracted fingerprint for molecule ID: 6518e7f36dc9e74d4fd6a5e0
DEBUG:root:Extracted fingerprint for molecule ID: 6518e7f36dc9e74d4fd6a5e1
DEBUG:root:Extracted fingerprint for molecule ID: 6518e7f36dc9e74d4fd6a5e2
DEBUG:root:Extracted fingerprint for molecule ID: 6518e7f36dc9e74d4fd6a5e3
DEBUG:root:Extracted fingerprint for molecule ID: 6518e7f36dc9e74d4fd6a5e4
DEBUG:root:Extracted fingerprint for molecule ID: 6518e7f36dc9e74d4fd6a5e5
DEBUG:root:Extracted fingerprint for molecule ID: 6518e7f36dc9e74d4fd6a5e6
DEBUG:root:Extracted fingerprint for molecule ID: 6518e7f36dc9e74d4fd6a5e7
DEBUG:root:Extracted fingerprint for molecule ID: 6518e7f36dc9e74d4fd6a5e8
DEBUG:root:Extracted fingerprint for molecule ID: 6518e7f36dc9e74d4fd6a5e9
DEBUG:root:Extracted fingerprint for molecule ID: 6518e7f36dc9e74d4fd6a5ea
DEBUG:root:Extracted fingerprint for molecule ID: 6518e7f36dc9e74d4fd6a5eb
DEBUG:root:Extracted fingerprint for molecule ID: 6518e7f36dc9e74d4fd6a5ec
DEBUG:root:Extracted fingerprint for molecule ID: 6518e7f36dc9e74d4fd6a5ed
DEBUG:root:Extracted fingerprint for molecule ID: 6518e7f36dc9e74d4fd6a5ee
DEBUG:root:Extracted fingerprint for molecule ID: 6518e7f36dc9e74d4fd6a5ef
DEBUG:root:Extracted fingerprint for molecule ID: 6518e7f36dc9e74d4fd6a5f0
DEBUG:root:Extracted fingerprint for molecule ID: 6518e7f36dc9e74d4fd6a5f1
DEBUG:root:Extracted fingerprint for molecule ID: 6518e7f36dc9e74d4fd6a5f2
DEBUG:root:Extracted fingerprint for molecule ID: 6518e7f36dc9e74d4fd6a5f3
DEBUG:root:Extracted fingerprint for molecule ID: 6518e7f36dc9e74d4fd6a5f4
DEBUG:root:Extracted fingerprint for molecule ID: 6518e7f36dc9e74d4fd6a5f5
DEBUG:root:Extracted fingerprint for molecule ID: 6518e7f36dc9e74d4fd6a5f6
DEBUG:root:Extracted fingerprint for molecule ID: 6518e7f36dc9e74d4fd6a5f7
DEBUG:root:Extracted fingerprint for molecule ID: 6518e7f36dc9e74d4fd6a5f8
DEBUG:root:Extracted fingerprint for molecule ID: 6518e7f36dc9e74d4fd6a5f9
DEBUG:root:Extracted fingerprint for molecule ID: 6518e7f36dc9e74d4fd6a5fa
DEBUG:root:Extracted fingerprint for molecule ID: 6518e7f36dc9e74d4fd6a5fb
DEBUG:root:Extracted fingerprint for molecule ID: 6518e7f36dc9e74d4fd6a5fc
DEBUG:root:Extracted fingerprint for molecule ID: 6518e7f36dc9e74d4fd6a5fd
DEBUG:root:Extracted fingerprint for molecule ID: 6518e7f36dc9e74d4fd6a5fe
DEBUG:root:Extracted fingerprint for molecule ID: 6518e7f36dc9e74d4fd6a5ff
DEBUG:root:Extracted fingerprint for molecule ID: 6518e7f36dc9e74d4fd6a600
DEBUG:root:Extracted fingerprint for molecule ID: 6518e7f36dc9e74d4fd6a601
DEBUG:root:Extracted fingerprint for molecule ID: 6518e7f36dc9e74d4fd6a602
DEBUG:root:Extracted fingerprint for molecule ID: 6518e7f36dc9e74d4fd6a603
DEBUG:root:Extracted fingerprint for molecule ID: 6518e7f36dc9e74d4fd6a604
DEBUG:root:Extracted fingerprint for molecule ID: 6518e7f36dc9e74d4fd6a605
DEBUG:root:Extracted fingerprint for molecule ID: 6518e7f36dc9e74d4fd6a606
DEBUG:root:Extracted fingerprint for molecule ID: 6518e7f36dc9e74d4fd6a607
DEBUG:root:Extracted fingerprint for molecule ID: 6518e7f36dc9e74d4fd6a608
DEBUG:root:Extracted fingerprint for molecule ID: 6518e7f36dc9e74d4fd6a609
DEBUG:root:Extracted fingerprint for molecule ID: 6518e7f36dc9e74d4fd6a60a
DEBUG:root:Extracted fingerprint for molecule ID: 6518e7f36dc9e74d4fd6a60b
DEBUG:root:Extracted fingerprint for molecule ID: 6518e7f36dc9e74d4fd6a60c
DEBUG:root:Extracted fingerprint for molecule ID: 6518e7f36dc9e74d4fd6a60d
DEBUG:root:Extracted fingerprint for molecule ID: 6518e7f36dc9e74d4fd6a60e
DEBUG:root:Extracted fingerprint for molecule ID: 6518e7f36dc9e74d4fd6a60f
DEBUG:root:Extracted fingerprint for molecule ID: 6518e7f36dc9e74d4fd6a610
DEBUG:root:Extracted fingerprint for molecule ID: 6518e7f36dc9e74d4fd6a611
DEBUG:root:Extracted fingerprint for molecule ID: 6518e7f36dc9e74d4fd6a612
DEBUG:root:Extracted fingerprint for molecule ID: 6518e7f36dc9e74d4fd6a613
DEBUG:root:Extracted fingerprint for molecule ID: 6518e7f36dc9e74d4fd6a614
DEBUG:root:Extracted fingerprint for molecule ID: 6518e7f36dc9e74d4fd6a615
DEBUG:root:Extracted fingerprint for molecule ID: 6518e7f36dc9e74d4fd6a616
DEBUG:root:Extracted fingerprint for molecule ID: 6518e7f36dc9e74d4fd6a617
DEBUG:root:Extracted fingerprint for molecule ID: 6518e7f36dc9e74d4fd6a618
DEBUG:root:Extracted fingerprint for molecule ID: 6518e7f36dc9e74d4fd6a619
DEBUG:root:Extracted fingerprint for molecule ID: 6518e7f36dc9e74d4fd6a61a
DEBUG:root:Extracted fingerprint for molecule ID: 6518e7f36dc9e74d4fd6a61b
DEBUG:root:Extracted fingerprint for molecule ID: 6518e7f36dc9e74d4fd6a61c
DEBUG:root:Extracted fingerprint for molecule ID: 6518e7f36dc9e74d4fd6a61d
DEBUG:root:Extracted fingerprint for molecule ID: 6518e7f36dc9e74d4fd6a61e
DEBUG:root:Extracted fingerprint for molecule ID: 6518e7f36dc9e74d4fd6a61f
DEBUG:root:Extracted fingerprint for molecule ID: 6518e7f36dc9e74d4fd6a620
DEBUG:root:Extracted fingerprint for molecule ID: 6518e7f36dc9e74d4fd6a621
DEBUG:root:Extracted fingerprint for molecule ID: 6518e7f36dc9e74d4fd6a622
DEBUG:root:Extracted fingerprint for molecule ID: 6518e7f36dc9e74d4fd6a623
DEBUG:root:Extracted fingerprint for molecule ID: 6518e7f36dc9e74d4fd6a624
DEBUG:root:Extracted fingerprint for molecule ID: 6518e7f36dc9e74d4fd6a625
DEBUG:root:Extracted fingerprint for molecule ID: 6518e7f36dc9e74d4fd6a626
DEBUG:root:Extracted fingerprint for molecule ID: 6518e7f36dc9e74d4fd6a627
DEBUG:root:Extracted fingerprint for molecule ID: 6518e7f36dc9e74d4fd6a628
DEBUG:root:Extracted fingerprint for molecule ID: 6518e7f36dc9e74d4fd6a629
DEBUG:root:Extracted fingerprint for molecule ID: 6518e7f36dc9e74d4fd6a62a
DEBUG:root:Extracted fingerprint for molecule ID: 6518e7f36dc9e74d4fd6a62b
DEBUG:root:Extracted fingerprint for molecule ID: 6518e7f36dc9e74d4fd6a62c
DEBUG:root:Extracted fingerprint for molecule ID: 6518e7f36dc9e74d4fd6a62d
DEBUG:root:Extracted fingerprint for molecule ID: 6518e7f36dc9e74d4fd6a62e
DEBUG:root:Extracted fingerprint for molecule ID: 6518e7f36dc9e74d4fd6a62f
DEBUG:root:Extracted fingerprint for molecule ID: 6518e7f36dc9e74d4fd6a630
DEBUG:root:Extracted fingerprint for molecule ID: 6518e7f36dc9e74d4fd6a631
DEBUG:root:Extracted fingerprint for molecule ID: 6518e7f36dc9e74d4fd6a632
DEBUG:root:Extracted fingerprint for molecule ID: 6518e7f36dc9e74d4fd6a633
DEBUG:root:Extracted fingerprint for molecule ID: 6518e7f36dc9e74d4fd6a634
DEBUG:root:Extracted fingerprint for molecule ID: 6518e7f36dc9e74d4fd6a635
DEBUG:root:Extracted fingerprint for molecule ID: 6518e7f36dc9e74d4fd6a636
DEBUG:root:Extracted fingerprint for molecule ID: 6518e7f36dc9e74d4fd6a637
DEBUG:root:Extracted fingerprint for molecule ID: 6518e7f36dc9e74d4fd6a638
DEBUG:root:Extracted fingerprint for molecule ID: 6518e7f36dc9e74d4fd6a639
DEBUG:root:Extracted fingerprint for molecule ID: 6518e7f36dc9e74d4fd6a63a
DEBUG:root:Extracted fingerprint for molecule ID: 6518e7f36dc9e74d4fd6a63b
DEBUG:root:Extracted fingerprint for molecule ID: 6518e7f36dc9e74d4fd6a63c
DEBUG:root:Extracted fingerprint for molecule ID: 6518e7f36dc9e74d4fd6a63d
DEBUG:root:Extracted fingerprint for molecule ID: 6518e7f36dc9e74d4fd6a63e
DEBUG:root:Extracted fingerprint for molecule ID: 6518e7f36dc9e74d4fd6a63f
DEBUG:root:Extracted fingerprint for molecule ID: 6518e7f36dc9e74d4fd6a640
DEBUG:root:Extracted fingerprint for molecule ID: 6518e7f36dc9e74d4fd6a641
DEBUG:root:Extracted fingerprint for molecule ID: 6518e7f36dc9e74d4fd6a642
DEBUG:root:Extracted fingerprint for molecule ID: 6518e7f36dc9e74d4fd6a643
DEBUG:root:Extracted fingerprint for molecule ID: 6518e7f36dc9e74d4fd6a644
DEBUG:root:Extracted fingerprint for molecule ID: 6518e7f36dc9e74d4fd6a645
DEBUG:root:Extracted fingerprint for molecule ID: 6518e7f36dc9e74d4fd6a646
DEBUG:root:Extracted fingerprint for molecule ID: 6518e7f36dc9e74d4fd6a647
DEBUG:root:Extracted fingerprint for molecule ID: 6518e7f36dc9e74d4fd6a648
DEBUG:root:Extracted fingerprint for molecule ID: 6518e7f36dc9e74d4fd6a649
DEBUG:root:Extracted fingerprint for molecule ID: 6518e7f36dc9e74d4fd6a64a
DEBUG:root:Extracted fingerprint for molecule ID: 6518e7f36dc9e74d4fd6a64b
DEBUG:root:Extracted fingerprint for molecule ID: 6518e7f36dc9e74d4fd6a64c
DEBUG:root:Extracted fingerprint for molecule ID: 6518e7f36dc9e74d4fd6a64d
DEBUG:root:Extracted fingerprint for molecule ID: 6518e7f36dc9e74d4fd6a64e
DEBUG:root:Extracted fingerprint for molecule ID: 6518e7f36dc9e74d4fd6a64f
DEBUG:root:Extracted fingerprint for molecule ID: 6518e7f36dc9e74d4fd6a650
DEBUG:root:Extracted fingerprint for molecule ID: 6518e7f36dc9e74d4fd6a651
DEBUG:root:Extracted fingerprint for molecule ID: 6518e7f36dc9e74d4fd6a652
DEBUG:root:Extracted fingerprint for molecule ID: 6518e7f36dc9e74d4fd6a653
DEBUG:root:Extracted fingerprint for molecule ID: 6518e7f36dc9e74d4fd6a654
DEBUG:root:Extracted fingerprint for molecule ID: 6518e7f36dc9e74d4fd6a655
DEBUG:root:Extracted fingerprint for molecule ID: 6518e7f36dc9e74d4fd6a656
DEBUG:root:Extracted fingerprint for molecule ID: 6518e7f36dc9e74d4fd6a657
DEBUG:root:Extracted fingerprint for molecule ID: 6518e7f36dc9e74d4fd6a658
DEBUG:root:Extracted fingerprint for molecule ID: 6518e7f36dc9e74d4fd6a659
DEBUG:root:Extracted fingerprint for molecule ID: 6518e7f36dc9e74d4fd6a65a
DEBUG:root:Extracted fingerprint for molecule ID: 6518e7f36dc9e74d4fd6a65b
DEBUG:root:Extracted fingerprint for molecule ID: 6518e7f36dc9e74d4fd6a65c
DEBUG:root:Extracted fingerprint for molecule ID: 6518e7f36dc9e74d4fd6a65d
DEBUG:root:Extracted fingerprint for molecule ID: 6518e7f36dc9e74d4fd6a65e
DEBUG:root:Extracted fingerprint for molecule ID: 6518e7f36dc9e74d4fd6a65f
DEBUG:root:Extracted fingerprint for molecule ID: 6518e7f36dc9e74d4fd6a660
DEBUG:root:Extracted fingerprint for molecule ID: 6518e7f36dc9e74d4fd6a661
DEBUG:root:Extracted fingerprint for molecule ID: 6518e7f36dc9e74d4fd6a662
DEBUG:root:Extracted fingerprint for molecule ID: 6518e7f36dc9e74d4fd6a663
DEBUG:root:Extracted fingerprint for molecule ID: 6518e7f36dc9e74d4fd6a664
DEBUG:root:Extracted fingerprint for molecule ID: 6518e7f36dc9e74d4fd6a665
DEBUG:root:Extracted fingerprint for molecule ID: 6518e7f36dc9e74d4fd6a666
DEBUG:root:Extracted fingerprint for molecule ID: 6518e7f36dc9e74d4fd6a667
DEBUG:root:Extracted fingerprint for molecule ID: 6518e7f36dc9e74d4fd6a668
DEBUG:root:Extracted fingerprint for molecule ID: 6518e7f36dc9e74d4fd6a669
DEBUG:root:Extracted fingerprint for molecule ID: 6518e7f36dc9e74d4fd6a66a
DEBUG:root:Extracted fingerprint for molecule ID: 6518e7f36dc9e74d4fd6a66b
DEBUG:root:Extracted fingerprint for molecule ID: 6518e7f36dc9e74d4fd6a66c
DEBUG:root:Extracted fingerprint for molecule ID: 6518e7f36dc9e74d4fd6a66d
DEBUG:root:Extracted fingerprint for molecule ID: 6518e7f36dc9e74d4fd6a66e
DEBUG:root:Extracted fingerprint for molecule ID: 6518e7f36dc9e74d4fd6a66f
DEBUG:root:Extracted fingerprint for molecule ID: 6518e7f36dc9e74d4fd6a670
DEBUG:root:Extracted fingerprint for molecule ID: 6518e7f36dc9e74d4fd6a671
DEBUG:root:Extracted fingerprint for molecule ID: 6518e7f36dc9e74d4fd6a672
DEBUG:root:Extracted fingerprint for molecule ID: 6518e7f36dc9e74d4fd6a673
DEBUG:root:Extracted fingerprint for molecule ID: 6518e7f36dc9e74d4fd6a674
DEBUG:root:Extracted fingerprint for molecule ID: 6518e7f36dc9e74d4fd6a675
DEBUG:root:Extracted fingerprint for molecule ID: 6518e7f36dc9e74d4fd6a676
DEBUG:root:Extracted fingerprint for molecule ID: 6518e7f36dc9e74d4fd6a677
DEBUG:root:Extracted fingerprint for molecule ID: 6518e7f36dc9e74d4fd6a678
DEBUG:root:Extracted fingerprint for molecule ID: 6518e7f36dc9e74d4fd6a679
DEBUG:root:Extracted fingerprint for molecule ID: 6518e7f36dc9e74d4fd6a67a
DEBUG:root:Extracted fingerprint for molecule ID: 6518e7f36dc9e74d4fd6a67b
DEBUG:root:Extracted fingerprint for molecule ID: 6518e7f36dc9e74d4fd6a67c
DEBUG:root:Extracted fingerprint for molecule ID: 6518e7f36dc9e74d4fd6a67d
DEBUG:root:Extracted fingerprint for molecule ID: 6518e7f36dc9e74d4fd6a67e
DEBUG:root:Extracted fingerprint for molecule ID: 6518e7f36dc9e74d4fd6a67f
DEBUG:root:Extracted fingerprint for molecule ID: 6518e7f36dc9e74d4fd6a680
DEBUG:root:Extracted fingerprint for molecule ID: 6518e7f36dc9e74d4fd6a681
DEBUG:root:Extracted fingerprint for molecule ID: 6518e7f36dc9e74d4fd6a682
DEBUG:root:Extracted fingerprint for molecule ID: 6518e7f36dc9e74d4fd6a683
DEBUG:root:Extracted fingerprint for molecule ID: 6518e7f36dc9e74d4fd6a684
DEBUG:root:Extracted fingerprint for molecule ID: 6518e7f36dc9e74d4fd6a685
DEBUG:root:Extracted fingerprint for molecule ID: 6518e7f36dc9e74d4fd6a686
DEBUG:root:Extracted fingerprint for molecule ID: 6518e7f36dc9e74d4fd6a687
DEBUG:root:Extracted fingerprint for molecule ID: 6518e7f36dc9e74d4fd6a688
DEBUG:root:Extracted fingerprint for molecule ID: 6518e7f36dc9e74d4fd6a689
DEBUG:root:Extracted fingerprint for molecule ID: 6518e7f36dc9e74d4fd6a68a
DEBUG:root:Extracted fingerprint for molecule ID: 6518e7f36dc9e74d4fd6a68b
DEBUG:root:Extracted fingerprint for molecule ID: 6518e7f36dc9e74d4fd6a68c
DEBUG:root:Extracted fingerprint for molecule ID: 6518e7f36dc9e74d4fd6a68d
DEBUG:root:Extracted fingerprint for molecule ID: 6518e7f36dc9e74d4fd6a68e
DEBUG:root:Extracted fingerprint for molecule ID: 6518e7f36dc9e74d4fd6a68f
DEBUG:root:Extracted fingerprint for molecule ID: 6518e7f36dc9e74d4fd6a690
DEBUG:root:Extracted fingerprint for molecule ID: 6518e7f36dc9e74d4fd6a691
DEBUG:root:Extracted fingerprint for molecule ID: 6518e7f36dc9e74d4fd6a692
DEBUG:root:Extracted fingerprint for molecule ID: 6518e7f36dc9e74d4fd6a693
DEBUG:root:Extracted fingerprint for molecule ID: 6518e7f36dc9e74d4fd6a694
DEBUG:root:Extracted fingerprint for molecule ID: 6518e7f36dc9e74d4fd6a695
DEBUG:root:Extracted fingerprint for molecule ID: 6518e7f36dc9e74d4fd6a696
DEBUG:root:Extracted fingerprint for molecule ID: 6518e7f36dc9e74d4fd6a697
DEBUG:root:Extracted fingerprint for molecule ID: 6518e7f36dc9e74d4fd6a698
DEBUG:root:Extracted fingerprint for molecule ID: 6518e7f36dc9e74d4fd6a699
DEBUG:root:Extracted fingerprint for molecule ID: 6518e7f36dc9e74d4fd6a69a
DEBUG:root:Extracted fingerprint for molecule ID: 6518e7f36dc9e74d4fd6a69b
DEBUG:root:Extracted fingerprint for molecule ID: 6518e7f36dc9e74d4fd6a69c
DEBUG:root:Extracted fingerprint for molecule ID: 6518e7f36dc9e74d4fd6a69d
DEBUG:root:Extracted fingerprint for molecule ID: 6518e7f36dc9e74d4fd6a69e
DEBUG:root:Extracted fingerprint for molecule ID: 6518e7f36dc9e74d4fd6a69f
DEBUG:root:Extracted fingerprint for molecule ID: 6518e7f36dc9e74d4fd6a6a0
DEBUG:root:Extracted fingerprint for molecule ID: 6518e7f36dc9e74d4fd6a6a1
DEBUG:root:Extracted fingerprint for molecule ID: 6518e7f36dc9e74d4fd6a6a2
DEBUG:root:Extracted fingerprint for molecule ID: 6518e7f36dc9e74d4fd6a6a3
DEBUG:root:Extracted fingerprint for molecule ID: 6518e7f36dc9e74d4fd6a6a4
DEBUG:root:Extracted fingerprint for molecule ID: 6518e7f36dc9e74d4fd6a6a5
DEBUG:root:Extracted fingerprint for molecule ID: 6518e7f36dc9e74d4fd6a6a6
DEBUG:root:Extracted fingerprint for molecule ID: 6518e7f36dc9e74d4fd6a6a7
DEBUG:root:Extracted fingerprint for molecule ID: 6518e7f36dc9e74d4fd6a6a8
DEBUG:root:Extracted fingerprint for molecule ID: 6518e7f36dc9e74d4fd6a6a9
DEBUG:root:Extracted fingerprint for molecule ID: 6518e7f36dc9e74d4fd6a6aa
DEBUG:root:Extracted fingerprint for molecule ID: 6518e7f36dc9e74d4fd6a6ab
DEBUG:root:Extracted fingerprint for molecule ID: 6518e7f36dc9e74d4fd6a6ac
DEBUG:root:Extracted fingerprint for molecule ID: 6518e7f36dc9e74d4fd6a6ad
DEBUG:root:Extracted fingerprint for molecule ID: 6518e7f36dc9e74d4fd6a6ae
DEBUG:root:Extracted fingerprint for molecule ID: 6518e7f36dc9e74d4fd6a6af
DEBUG:root:Extracted fingerprint for molecule ID: 6518e7f36dc9e74d4fd6a6b0
DEBUG:root:Extracted fingerprint for molecule ID: 6518e7f36dc9e74d4fd6a6b1
DEBUG:root:Extracted fingerprint for molecule ID: 6518e7f36dc9e74d4fd6a6b2
DEBUG:root:Extracted fingerprint for molecule ID: 6518e7f36dc9e74d4fd6a6b3
DEBUG:root:Extracted fingerprint for molecule ID: 6518e7f36dc9e74d4fd6a6b4
DEBUG:root:Extracted fingerprint for molecule ID: 6518e7f36dc9e74d4fd6a6b5
DEBUG:root:Extracted fingerprint for molecule ID: 6518e7f36dc9e74d4fd6a6b6
DEBUG:root:Extracted fingerprint for molecule ID: 6518e7f36dc9e74d4fd6a6b7
DEBUG:root:Extracted fingerprint for molecule ID: 6518e7f36dc9e74d4fd6a6b8
DEBUG:root:Extracted fingerprint for molecule ID: 6518e7f36dc9e74d4fd6a6b9
DEBUG:root:Extracted fingerprint for molecule ID: 6518e7f36dc9e74d4fd6a6ba
DEBUG:root:Extracted fingerprint for molecule ID: 6518e7f36dc9e74d4fd6a6bb
DEBUG:root:Extracted fingerprint for molecule ID: 6518e7f36dc9e74d4fd6a6bc
DEBUG:root:Extracted fingerprint for molecule ID: 6518e7f36dc9e74d4fd6a6bd
DEBUG:root:Extracted fingerprint for molecule ID: 6518e7f36dc9e74d4fd6a6be
DEBUG:root:Extracted fingerprint for molecule ID: 6518e7f36dc9e74d4fd6a6bf
DEBUG:root:Extracted fingerprint for molecule ID: 6518e7f36dc9e74d4fd6a6c0
DEBUG:root:Extracted fingerprint for molecule ID: 6518e7f36dc9e74d4fd6a6c1
DEBUG:root:Extracted fingerprint for molecule ID: 6518e7f36dc9e74d4fd6a6c2
DEBUG:root:Extracted fingerprint for molecule ID: 6518e7f36dc9e74d4fd6a6c3
DEBUG:root:Extracted fingerprint for molecule ID: 6518e7f36dc9e74d4fd6a6c4
DEBUG:root:Extracted fingerprint for molecule ID: 6518e7f36dc9e74d4fd6a6c5
DEBUG:root:Extracted fingerprint for molecule ID: 6518e7f36dc9e74d4fd6a6c6
DEBUG:root:Extracted fingerprint for molecule ID: 6518e7f36dc9e74d4fd6a6c7
DEBUG:root:Extracted fingerprint for molecule ID: 6518e7f36dc9e74d4fd6a6c8
DEBUG:root:Extracted fingerprint for molecule ID: 6518e7f36dc9e74d4fd6a6c9
DEBUG:root:Extracted fingerprint for molecule ID: 6518e7f36dc9e74d4fd6a6ca
DEBUG:root:Extracted fingerprint for molecule ID: 6518e7f36dc9e74d4fd6a6cb
DEBUG:root:Extracted fingerprint for molecule ID: 6518e7f36dc9e74d4fd6a6cc
DEBUG:root:Extracted fingerprint for molecule ID: 6518e7f36dc9e74d4fd6a6cd
DEBUG:root:Extracted fingerprint for molecule ID: 6518e7f36dc9e74d4fd6a6ce
DEBUG:root:Extracted fingerprint for molecule ID: 6518e7f36dc9e74d4fd6a6cf
DEBUG:root:Extracted fingerprint for molecule ID: 6518e7f36dc9e74d4fd6a6d0
DEBUG:root:Extracted fingerprint for molecule ID: 6518e7f36dc9e74d4fd6a6d1
DEBUG:root:Extracted fingerprint for molecule ID: 6518e7f36dc9e74d4fd6a6d2
DEBUG:root:Extracted fingerprint for molecule ID: 6518e7f36dc9e74d4fd6a6d3
DEBUG:root:Extracted fingerprint for molecule ID: 6518e7f36dc9e74d4fd6a6d4
DEBUG:root:Extracted fingerprint for molecule ID: 6518e7f36dc9e74d4fd6a6d5
DEBUG:root:Extracted fingerprint for molecule ID: 6518e7f36dc9e74d4fd6a6d6
DEBUG:root:Extracted fingerprint for molecule ID: 6518e7f36dc9e74d4fd6a6d7
DEBUG:root:Extracted fingerprint for molecule ID: 6518e7f36dc9e74d4fd6a6d8
DEBUG:root:Extracted fingerprint for molecule ID: 6518e7f36dc9e74d4fd6a6d9
DEBUG:root:Extracted fingerprint for molecule ID: 6518e7f36dc9e74d4fd6a6da
DEBUG:root:Extracted fingerprint for molecule ID: 6518e7f36dc9e74d4fd6a6db
DEBUG:root:Extracted fingerprint for molecule ID: 6518e7f36dc9e74d4fd6a6dc
DEBUG:root:Extracted fingerprint for molecule ID: 6518e7f36dc9e74d4fd6a6dd
DEBUG:root:Extracted fingerprint for molecule ID: 6518e7f36dc9e74d4fd6a6de
DEBUG:root:Extracted fingerprint for molecule ID: 6518e7f36dc9e74d4fd6a6df
DEBUG:root:Extracted fingerprint for molecule ID: 6518e7f36dc9e74d4fd6a6e0
DEBUG:root:Extracted fingerprint for molecule ID: 6518e7f36dc9e74d4fd6a6e1
DEBUG:root:Extracted fingerprint for molecule ID: 6518e7f36dc9e74d4fd6a6e2
DEBUG:root:Extracted fingerprint for molecule ID: 6518e7f36dc9e74d4fd6a6e3
DEBUG:root:Extracted fingerprint for molecule ID: 6518e7f36dc9e74d4fd6a6e4
DEBUG:root:Extracted fingerprint for molecule ID: 6518e7f36dc9e74d4fd6a6e5
DEBUG:root:Extracted fingerprint for molecule ID: 6518e7f36dc9e74d4fd6a6e6
DEBUG:root:Extracted fingerprint for molecule ID: 6518e7f36dc9e74d4fd6a6e7
DEBUG:root:Extracted fingerprint for molecule ID: 6518e7f36dc9e74d4fd6a6e8
DEBUG:root:Extracted fingerprint for molecule ID: 6518e7f36dc9e74d4fd6a6e9
DEBUG:root:Extracted fingerprint for molecule ID: 6518e7f36dc9e74d4fd6a6ea
DEBUG:root:Extracted fingerprint for molecule ID: 6518e7f36dc9e74d4fd6a6eb
DEBUG:root:Extracted fingerprint for molecule ID: 6518e7f36dc9e74d4fd6a6ec
DEBUG:root:Extracted fingerprint for molecule ID: 6518e7f36dc9e74d4fd6a6ed
DEBUG:root:Extracted fingerprint for molecule ID: 6518e7f36dc9e74d4fd6a6ee
DEBUG:root:Extracted fingerprint for molecule ID: 6518e7f36dc9e74d4fd6a6ef
DEBUG:root:Extracted fingerprint for molecule ID: 6518e7f36dc9e74d4fd6a6f0
DEBUG:root:Extracted fingerprint for molecule ID: 6518e7f36dc9e74d4fd6a6f1
DEBUG:root:Extracted fingerprint for molecule ID: 6518e7f36dc9e74d4fd6a6f2
DEBUG:root:Extracted fingerprint for molecule ID: 6518e7f36dc9e74d4fd6a6f3
DEBUG:root:Extracted fingerprint for molecule ID: 6518e7f36dc9e74d4fd6a6f4
DEBUG:root:Extracted fingerprint for molecule ID: 6518e7f36dc9e74d4fd6a6f5
DEBUG:root:Extracted fingerprint for molecule ID: 6518e7f36dc9e74d4fd6a6f6
DEBUG:root:Extracted fingerprint for molecule ID: 6518e7f36dc9e74d4fd6a6f7
DEBUG:root:Extracted fingerprint for molecule ID: 6518e7f36dc9e74d4fd6a6f8
DEBUG:root:Extracted fingerprint for molecule ID: 6518e7f36dc9e74d4fd6a6f9
DEBUG:root:Extracted fingerprint for molecule ID: 6518e7f36dc9e74d4fd6a6fa
DEBUG:root:Extracted fingerprint for molecule ID: 6518e7f36dc9e74d4fd6a6fb
DEBUG:root:Extracted fingerprint for molecule ID: 6518e7f36dc9e74d4fd6a6fc
DEBUG:root:Extracted fingerprint for molecule ID: 6518e7f36dc9e74d4fd6a6fd
DEBUG:root:Extracted fingerprint for molecule ID: 6518e7f36dc9e74d4fd6a6fe
DEBUG:root:Extracted fingerprint for molecule ID: 6518e7f36dc9e74d4fd6a6ff
DEBUG:root:Extracted fingerprint for molecule ID: 6518e7f36dc9e74d4fd6a700
DEBUG:root:Extracted fingerprint for molecule ID: 6518e7f36dc9e74d4fd6a701
DEBUG:root:Extracted fingerprint for molecule ID: 6518e7f36dc9e74d4fd6a702
DEBUG:root:Extracted fingerprint for molecule ID: 6518e7f36dc9e74d4fd6a703
DEBUG:root:Extracted fingerprint for molecule ID: 6518e7f36dc9e74d4fd6a704
DEBUG:root:Extracted fingerprint for molecule ID: 6518e7f36dc9e74d4fd6a705
DEBUG:root:Extracted fingerprint for molecule ID: 6518e7f36dc9e74d4fd6a706
DEBUG:root:Extracted fingerprint for molecule ID: 6518e7f36dc9e74d4fd6a707
DEBUG:root:Extracted fingerprint for molecule ID: 6518e7f36dc9e74d4fd6a708
DEBUG:root:Extracted fingerprint for molecule ID: 6518e7f36dc9e74d4fd6a709
DEBUG:root:Extracted fingerprint for molecule ID: 6518e7f36dc9e74d4fd6a70a
DEBUG:root:Extracted fingerprint for molecule ID: 6518e7f36dc9e74d4fd6a70b
DEBUG:root:Extracted fingerprint for molecule ID: 6518e7f36dc9e74d4fd6a70c
DEBUG:root:Extracted fingerprint for molecule ID: 6518e7f36dc9e74d4fd6a70d
DEBUG:root:Extracted fingerprint for molecule ID: 6518e7f36dc9e74d4fd6a70e
DEBUG:root:Extracted fingerprint for molecule ID: 6518e7f36dc9e74d4fd6a70f
DEBUG:root:Extracted fingerprint for molecule ID: 6518e7f36dc9e74d4fd6a710
DEBUG:root:Extracted fingerprint for molecule ID: 6518e7f36dc9e74d4fd6a711
DEBUG:root:Extracted fingerprint for molecule ID: 6518e7f36dc9e74d4fd6a712
DEBUG:root:Extracted fingerprint for molecule ID: 6518e7f36dc9e74d4fd6a713
DEBUG:root:Extracted fingerprint for molecule ID: 6518e7f36dc9e74d4fd6a714
DEBUG:root:Extracted fingerprint for molecule ID: 6518e7f36dc9e74d4fd6a715
DEBUG:root:Extracted fingerprint for molecule ID: 6518e7f36dc9e74d4fd6a716
DEBUG:root:Extracted fingerprint for molecule ID: 6518e7f36dc9e74d4fd6a717
DEBUG:root:Extracted fingerprint for molecule ID: 6518e7f36dc9e74d4fd6a718
DEBUG:root:Extracted fingerprint for molecule ID: 6518e7f36dc9e74d4fd6a719
DEBUG:root:Extracted fingerprint for molecule ID: 6518e7f36dc9e74d4fd6a71a
DEBUG:root:Extracted fingerprint for molecule ID: 6518e7f36dc9e74d4fd6a71b
DEBUG:root:Extracted fingerprint for molecule ID: 6518e7f36dc9e74d4fd6a71c
DEBUG:root:Extracted fingerprint for molecule ID: 6518e7f36dc9e74d4fd6a71d
DEBUG:root:Extracted fingerprint for molecule ID: 6518e7f36dc9e74d4fd6a71e
DEBUG:root:Extracted fingerprint for molecule ID: 6518e7f36dc9e74d4fd6a71f
DEBUG:root:Extracted fingerprint for molecule ID: 6518e7f36dc9e74d4fd6a720
DEBUG:root:Extracted fingerprint for molecule ID: 6518e7f36dc9e74d4fd6a721
DEBUG:root:Extracted fingerprint for molecule ID: 6518e7f36dc9e74d4fd6a722
DEBUG:root:Extracted fingerprint for molecule ID: 6518e7f36dc9e74d4fd6a723
DEBUG:root:Extracted fingerprint for molecule ID: 6518e7f36dc9e74d4fd6a724
DEBUG:root:Extracted fingerprint for molecule ID: 6518e7f36dc9e74d4fd6a725
DEBUG:root:Extracted fingerprint for molecule ID: 6518e7f36dc9e74d4fd6a726
DEBUG:root:Extracted fingerprint for molecule ID: 6518e7f36dc9e74d4fd6a727
DEBUG:root:Extracted fingerprint for molecule ID: 6518e7f36dc9e74d4fd6a728
DEBUG:root:Extracted fingerprint for molecule ID: 6518e7f36dc9e74d4fd6a729
DEBUG:root:Extracted fingerprint for molecule ID: 6518e7f36dc9e74d4fd6a72a
DEBUG:root:Extracted fingerprint for molecule ID: 6518e7f36dc9e74d4fd6a72b
DEBUG:root:Extracted fingerprint for molecule ID: 6518e7f36dc9e74d4fd6a72c
DEBUG:root:Extracted fingerprint for molecule ID: 6518e7f36dc9e74d4fd6a72d
DEBUG:root:Extracted fingerprint for molecule ID: 6518e7f36dc9e74d4fd6a72e
DEBUG:root:Extracted fingerprint for molecule ID: 6518e7f36dc9e74d4fd6a72f
DEBUG:root:Extracted fingerprint for molecule ID: 6518e7f36dc9e74d4fd6a730
DEBUG:root:Extracted fingerprint for molecule ID: 6518e7f36dc9e74d4fd6a731
DEBUG:root:Extracted fingerprint for molecule ID: 6518e7f36dc9e74d4fd6a732
DEBUG:root:Extracted fingerprint for molecule ID: 6518e7f36dc9e74d4fd6a733
DEBUG:root:Extracted fingerprint for molecule ID: 6518e7f36dc9e74d4fd6a734
DEBUG:root:Extracted fingerprint for molecule ID: 6518e7f36dc9e74d4fd6a735
DEBUG:root:Extracted fingerprint for molecule ID: 6518e7f36dc9e74d4fd6a736
DEBUG:root:Extracted fingerprint for molecule ID: 6518e7f36dc9e74d4fd6a737
DEBUG:root:Extracted fingerprint for molecule ID: 6518e7f36dc9e74d4fd6a738
DEBUG:root:Extracted fingerprint for molecule ID: 6518e7f36dc9e74d4fd6a739
DEBUG:root:Extracted fingerprint for molecule ID: 6518e7f36dc9e74d4fd6a73a
DEBUG:root:Extracted fingerprint for molecule ID: 6518e7f36dc9e74d4fd6a73b
DEBUG:root:Extracted fingerprint for molecule ID: 6518e7f36dc9e74d4fd6a73c
DEBUG:root:Extracted fingerprint for molecule ID: 6518e7f36dc9e74d4fd6a73d
DEBUG:root:Extracted fingerprint for molecule ID: 6518e7f36dc9e74d4fd6a73e
DEBUG:root:Extracted fingerprint for molecule ID: 6518e7f36dc9e74d4fd6a73f
DEBUG:root:Extracted fingerprint for molecule ID: 6518e7f36dc9e74d4fd6a740
DEBUG:root:Extracted fingerprint for molecule ID: 6518e7f36dc9e74d4fd6a741
DEBUG:root:Extracted fingerprint for molecule ID: 6518e7f36dc9e74d4fd6a742
DEBUG:root:Extracted fingerprint for molecule ID: 6518e7f36dc9e74d4fd6a743
DEBUG:root:Extracted fingerprint for molecule ID: 6518e7f36dc9e74d4fd6a744
DEBUG:root:Extracted fingerprint for molecule ID: 6518e7f36dc9e74d4fd6a745
DEBUG:root:Extracted fingerprint for molecule ID: 6518e7f36dc9e74d4fd6a746
DEBUG:root:Extracted fingerprint for molecule ID: 6518e7f36dc9e74d4fd6a747
DEBUG:root:Extracted fingerprint for molecule ID: 6518e7f36dc9e74d4fd6a748
DEBUG:root:Extracted fingerprint for molecule ID: 6518e7f36dc9e74d4fd6a749
DEBUG:root:Extracted fingerprint for molecule ID: 6518e7f36dc9e74d4fd6a74a
DEBUG:root:Extracted fingerprint for molecule ID: 6518e7f36dc9e74d4fd6a74b
DEBUG:root:Extracted fingerprint for molecule ID: 6518e7f36dc9e74d4fd6a74c
DEBUG:root:Extracted fingerprint for molecule ID: 6518e7f36dc9e74d4fd6a74d
DEBUG:root:Extracted fingerprint for molecule ID: 6518e7f36dc9e74d4fd6a74e
DEBUG:root:Extracted fingerprint for molecule ID: 6518e7f36dc9e74d4fd6a74f
DEBUG:root:Extracted fingerprint for molecule ID: 6518e7f36dc9e74d4fd6a750
DEBUG:root:Extracted fingerprint for molecule ID: 6518e7f36dc9e74d4fd6a751
DEBUG:root:Extracted fingerprint for molecule ID: 6518e7f36dc9e74d4fd6a752
DEBUG:root:Extracted fingerprint for molecule ID: 6518e7f36dc9e74d4fd6a753
DEBUG:root:Extracted fingerprint for molecule ID: 6518e7f36dc9e74d4fd6a754
DEBUG:root:Extracted fingerprint for molecule ID: 6518e7f36dc9e74d4fd6a755
DEBUG:root:Extracted fingerprint for molecule ID: 6518e7f36dc9e74d4fd6a756
DEBUG:root:Extracted fingerprint for molecule ID: 6518e7f36dc9e74d4fd6a757
DEBUG:root:Extracted fingerprint for molecule ID: 6518e7f36dc9e74d4fd6a758
DEBUG:root:Extracted fingerprint for molecule ID: 6518e7f36dc9e74d4fd6a759
DEBUG:root:Extracted fingerprint for molecule ID: 6518e7f36dc9e74d4fd6a75a
DEBUG:root:Extracted fingerprint for molecule ID: 6518e7f36dc9e74d4fd6a75b
DEBUG:root:Extracted fingerprint for molecule ID: 6518e7f36dc9e74d4fd6a75c
DEBUG:root:Extracted fingerprint for molecule ID: 6518e7f36dc9e74d4fd6a75d
DEBUG:root:Extracted fingerprint for molecule ID: 6518e7f36dc9e74d4fd6a75e
DEBUG:root:Extracted fingerprint for molecule ID: 6518e7f36dc9e74d4fd6a75f
DEBUG:root:Extracted fingerprint for molecule ID: 6518e7f36dc9e74d4fd6a760
DEBUG:root:Extracted fingerprint for molecule ID: 6518e7f36dc9e74d4fd6a761
DEBUG:root:Extracted fingerprint for molecule ID: 6518e7f36dc9e74d4fd6a762
DEBUG:root:Extracted fingerprint for molecule ID: 6518e7f36dc9e74d4fd6a763
DEBUG:root:Extracted fingerprint for molecule ID: 6518e7f36dc9e74d4fd6a764
DEBUG:root:Extracted fingerprint for molecule ID: 6518e7f36dc9e74d4fd6a765
DEBUG:root:Extracted fingerprint for molecule ID: 6518e7f36dc9e74d4fd6a766
DEBUG:root:Extracted fingerprint for molecule ID: 6518e7f36dc9e74d4fd6a767
DEBUG:root:Extracted fingerprint for molecule ID: 6518e7f36dc9e74d4fd6a768
DEBUG:root:Extracted fingerprint for molecule ID: 6518e7f36dc9e74d4fd6a769
DEBUG:root:Extracted fingerprint for molecule ID: 6518e7f36dc9e74d4fd6a76a
DEBUG:root:Extracted fingerprint for molecule ID: 6518e7f36dc9e74d4fd6a76b
DEBUG:root:Extracted fingerprint for molecule ID: 6518e7f36dc9e74d4fd6a76c
DEBUG:root:Extracted fingerprint for molecule ID: 6518e7f36dc9e74d4fd6a76d
DEBUG:root:Extracted fingerprint for molecule ID: 6518e7f36dc9e74d4fd6a76e
DEBUG:root:Extracted fingerprint for molecule ID: 6518e7f36dc9e74d4fd6a76f
DEBUG:root:Extracted fingerprint for molecule ID: 6518e7f36dc9e74d4fd6a770
DEBUG:root:Extracted fingerprint for molecule ID: 6518e7f36dc9e74d4fd6a771
DEBUG:root:Extracted fingerprint for molecule ID: 6518e7f36dc9e74d4fd6a772
DEBUG:root:Extracted fingerprint for molecule ID: 6518e7f36dc9e74d4fd6a773
DEBUG:root:Extracted fingerprint for molecule ID: 6518e7f36dc9e74d4fd6a774
DEBUG:root:Extracted fingerprint for molecule ID: 6518e7f36dc9e74d4fd6a775
DEBUG:root:Extracted fingerprint for molecule ID: 6518e7f36dc9e74d4fd6a776
DEBUG:root:Extracted fingerprint for molecule ID: 6518e7f36dc9e74d4fd6a777
DEBUG:root:Extracted fingerprint for molecule ID: 6518e7f36dc9e74d4fd6a778
DEBUG:root:Extracted fingerprint for molecule ID: 6518e7f36dc9e74d4fd6a779
DEBUG:root:Extracted fingerprint for molecule ID: 6518e7f36dc9e74d4fd6a77a
DEBUG:root:Extracted fingerprint for molecule ID: 6518e7f36dc9e74d4fd6a77b
DEBUG:root:Extracted fingerprint for molecule ID: 6518e7f36dc9e74d4fd6a77c
DEBUG:root:Extracted fingerprint for molecule ID: 6518e7f36dc9e74d4fd6a77d
DEBUG:root:Extracted fingerprint for molecule ID: 6518e7f36dc9e74d4fd6a77e
DEBUG:root:Extracted fingerprint for molecule ID: 6518e7f36dc9e74d4fd6a77f
DEBUG:root:Extracted fingerprint for molecule ID: 6518e7f36dc9e74d4fd6a780
DEBUG:root:Extracted fingerprint for molecule ID: 6518e7f36dc9e74d4fd6a781
DEBUG:root:Extracted fingerprint for molecule ID: 6518e7f36dc9e74d4fd6a782
DEBUG:root:Extracted fingerprint for molecule ID: 6518e7f36dc9e74d4fd6a783
ERROR:root:Error: Python argument types in
    rdkit.Chem.rdMolDescriptors.GetMACCSKeysFingerprint(NoneType)
did not match C++ signature:
    GetMACCSKeysFingerprint(class RDKit::ROMol mol)
ERROR:root:Error: Python argument types in
    rdkit.Chem.rdMolDescriptors.GetMACCSKeysFingerprint(NoneType)
did not match C++ signature:
    GetMACCSKeysFingerprint(class RDKit::ROMol mol)
ERROR:root:Error: Python argument types in
    rdkit.Chem.rdMolDescriptors.GetMACCSKeysFingerprint(NoneType)
did not match C++ signature:
    GetMACCSKeysFingerprint(class RDKit::ROMol mol)
ERROR:root:Error: Python argument types in
    rdkit.Chem.rdMolDescriptors.GetMACCSKeysFingerprint(NoneType)
did not match C++ signature:
    GetMACCSKeysFingerprint(class RDKit::ROMol mol)
